[p.w3layouts.com/demos/luxury_watches/web/index.html]
[backblue.gif]
[fade.gif]
[index.html]
[p.w3layouts.com/demos/luxury_watches/web/css/bootstrap.css]
[p.w3layouts.com/demos/luxury_watches/web/js/jquery-1.11.0.min.js]
[p.w3layouts.com/demos/luxury_watches/web/css/style.css]
[p.w3layouts.com/demos/luxury_watches/web/js/simpleCart.min.js]
[p.w3layouts.com/demos/luxury_watches/web/css/memenu.css]
[p.w3layouts.com/demos/luxury_watches/web/js/memenu.js]
[ajax.googleapis.com/ajax/libs/jquery/1.10.2/jquery.min.js]
[www.google-analytics.com/analytics.js]
[p.w3layouts.com/demos/luxury_watches/web/js/jquery.easydropdown.js]
[pagead2.googlesyndication.com/pagead/js/f.txt]
[cdn.fancybar.net/ac/fancybar6a2f.js]
[p.w3layouts.com/demos/luxury_watches/web/checkout.html]
[p.w3layouts.com/demos/luxury_watches/web/images/cart-1.png]
[p.w3layouts.com/demos/luxury_watches/web/index-2.html]
[p.w3layouts.com/demos/luxury_watches/web/products.html]
[p.w3layouts.com/demos/luxury_watches/web/typo.html]
[p.w3layouts.com/demos/luxury_watches/web/contact.html]
[p.w3layouts.com/demos/luxury_watches/web/images/bnr-1.jpg]
[p.w3layouts.com/demos/luxury_watches/web/images/bnr-2.jpg]
[p.w3layouts.com/demos/luxury_watches/web/images/bnr-3.jpg]
[p.w3layouts.com/demos/luxury_watches/web/js/responsiveslides.min.js]
[p.w3layouts.com/demos/luxury_watches/web/images/abt-1.jpg]
[p.w3layouts.com/demos/luxury_watches/web/images/abt-2.jpg]
[p.w3layouts.com/demos/luxury_watches/web/images/abt-3.jpg]
[p.w3layouts.com/demos/luxury_watches/web/single.html]
[p.w3layouts.com/demos/luxury_watches/web/images/p-1.png]
[p.w3layouts.com/demos/luxury_watches/web/images/p-2.png]
[p.w3layouts.com/demos/luxury_watches/web/images/p-3.png]
[p.w3layouts.com/demos/luxury_watches/web/images/p-4.png]
[p.w3layouts.com/demos/luxury_watches/web/images/p-5.png]
[p.w3layouts.com/demos/luxury_watches/web/images/p-6.png]
[p.w3layouts.com/demos/luxury_watches/web/images/p-7.png]
[p.w3layouts.com/demos/luxury_watches/web/images/p-8.png]
[p.w3layouts.com/demos/luxury_watches/web/index.html]
[p.w3layouts.com/demos/luxury_watches/web/account.html]
[p.w3layouts.com/demos/luxury_watches/web/fonts/glyphicons-halflings-regular.eot]
[p.w3layouts.com/demos/luxury_watches/web/fonts/glyphicons-halflings-regulard41d.eot]
[p.w3layouts.com/demos/luxury_watches/web/fonts/glyphicons-halflings-regular.woff2]
[p.w3layouts.com/demos/luxury_watches/web/fonts/glyphicons-halflings-regular.woff]
[p.w3layouts.com/demos/luxury_watches/web/fonts/glyphicons-halflings-regular.ttf]
[p.w3layouts.com/demos/luxury_watches/web/fonts/glyphicons-halflings-regular.svg]
[p.w3layouts.com/demos/luxury_watches/web/css/bootstrap.css]
[p.w3layouts.com/demos/luxury_watches/web/fonts/Muli-Regular.ttf]
[p.w3layouts.com/demos/luxury_watches/web/fonts/BreeSerif-Regular.ttf]
[p.w3layouts.com/demos/luxury_watches/web/fonts/Lato-Regular.ttf]
[p.w3layouts.com/demos/luxury_watches/web/fonts/Lora-Regular.ttf]
[p.w3layouts.com/demos/luxury_watches/web/images/search.png]
[p.w3layouts.com/demos/luxury_watches/web/images/arrow.png]
[p.w3layouts.com/demos/luxury_watches/web/images/cart-2.png]
[p.w3layouts.com/demos/luxury_watches/web/images/cart-3.png]
[p.w3layouts.com/demos/luxury_watches/web/images/s-icons.png]
[p.w3layouts.com/demos/luxury_watches/web/images/tick.png]
[p.w3layouts.com/demos/luxury_watches/web/images/close.png]
[p.w3layouts.com/demos/luxury_watches/web/images/star.png]
[p.w3layouts.com/demos/luxury_watches/web/css/style.css]
[p.w3layouts.com/demos/luxury_watches/web/css/memenu.css]
[p.w3layouts.com/demos/luxury_watches/web/images/c-1.jpg]
[p.w3layouts.com/demos/luxury_watches/web/images/c-2.jpg]
[p.w3layouts.com/demos/luxury_watches/web/images/c-3.jpg]
[p.w3layouts.com/demos/luxury_watches/web/checkout.html]
[p.w3layouts.com/demos/luxury_watches/web/index-2.html]
[p.w3layouts.com/demos/luxury_watches/web/products.html]
[p.w3layouts.com/demos/luxury_watches/web/typo.html]
[p.w3layouts.com/demos/luxury_watches/web/contact.html]
[p.w3layouts.com/demos/luxury_watches/web/images/s-1.jpg]
[p.w3layouts.com/demos/luxury_watches/web/images/s-2.jpg]
[p.w3layouts.com/demos/luxury_watches/web/images/s-3.jpg]
[p.w3layouts.com/demos/luxury_watches/web/js/imagezoom.js]
[p.w3layouts.com/demos/luxury_watches/web/js/jquery.flexslider.js]
[p.w3layouts.com/demos/luxury_watches/web/single.html]
[p.w3layouts.com/demos/luxury_watches/web/css/flexslider.css]
[p.w3layouts.com/demos/luxury_watches/web/account.html]
[p.w3layouts.com/demos/luxury_watches/web/fonts/glyphicons-halflings-regular.html]
[p.w3layouts.com/demos/luxury_watches/web/fonts/glyphicons-halflings-regulard41d.html]
[p.w3layouts.com/demos/luxury_watches/web/fonts/glyphicons-halflings-regular-2.html]
[p.w3layouts.com/demos/luxury_watches/web/fonts/glyphicons-halflings-regular-3.html]
[p.w3layouts.com/demos/luxury_watches/web/fonts/glyphicons-halflings-regular-4.html]
[p.w3layouts.com/demos/luxury_watches/web/fonts/glyphicons-halflings-regular-5.html]
[p.w3layouts.com/demos/luxury_watches/web/register.html]
[p.w3layouts.com/demos/luxury_watches/web/fonts/webfont/flexslider-icon.eot]
[p.w3layouts.com/demos/luxury_watches/web/fonts/webfonts/flexslider-icond41d.eot]
[p.w3layouts.com/demos/luxury_watches/web/fonts/webfonts/flexslider-icon.woff]
[p.w3layouts.com/demos/luxury_watches/web/fonts/webfonts/flexslider-icon.ttf]
[p.w3layouts.com/demos/luxury_watches/web/fonts/webfonts/flexslider-icon.svg]
[p.w3layouts.com/demos/luxury_watches/web/images/img-sprite.png]
[p.w3layouts.com/demos/luxury_watches/web/css/flexslider.css]
[p.w3layouts.com/demos/luxury_watches/web/register.html]
[p.w3layouts.com/demos/luxury_watches/web/fonts/webfont/flexslider-icon.html]
[p.w3layouts.com/demos/luxury_watches/web/fonts/webfonts/flexslider-icond41d.html]
[p.w3layouts.com/demos/luxury_watches/web/fonts/webfonts/flexslider-icon.html]
[p.w3layouts.com/demos/luxury_watches/web/fonts/webfonts/flexslider-icon-2.html]
[p.w3layouts.com/demos/luxury_watches/web/fonts/webfonts/flexslider-icon-3.html]
[p.w3layouts.com/demos/luxury_watches/web/images/img-sprite.html]
